<?xml version="1.0" encoding="UTF-8"?>
<Site BuildName="Darwin-clang++"
	BuildStamp="20210425-2314-Experimental"
	Name="yongbeomkwakui-MacBookPro.local"
	Generator="ctest-3.20.0"
	CompilerName="/usr/bin/clang++"
	CompilerVersion="12.0.0.12000032"
	OSName="macOS"
	Hostname="yongbeomkwakui-MacBookPro.local"
	OSRelease="11.2.2"
	OSVersion="20D80"
	OSPlatform="arm64"
	Is64Bits="1"
	VendorString="IBM"
	VendorID="IBM"
	FamilyID="16777228"
	ModelID="2"
	ProcessorCacheSize="131072"
	NumberOfLogicalCPU="8"
	NumberOfPhysicalCPU="8"
	TotalVirtualMemory="2048"
	TotalPhysicalMemory="16384"
	LogicalProcessorsPerPhysical="8"
	ProcessorClockFrequency="0"
	>
	<Testing>
		<StartDateTime>Apr 25 16:14 PDT</StartDateTime>
		<StartTestTime>1619392481</StartTestTime>
		<TestList/>
		<EndDateTime>Apr 25 16:14 PDT</EndDateTime>
		<EndTestTime>1619392481</EndTestTime>
		<ElapsedMinutes>0</ElapsedMinutes>
	</Testing>
</Site>
